  View.cpp
C:\Users\adwoj\OneDrive\Pulpit\projekt\View.cpp(53,102): warning C4244: "argument": konwersja z "int" do "T", możliwa utrata danych
C:\Users\adwoj\OneDrive\Pulpit\projekt\View.cpp(53,102): warning C4244:         with
C:\Users\adwoj\OneDrive\Pulpit\projekt\View.cpp(53,102): warning C4244:         [
C:\Users\adwoj\OneDrive\Pulpit\projekt\View.cpp(53,102): warning C4244:             T=float
C:\Users\adwoj\OneDrive\Pulpit\projekt\View.cpp(53,102): warning C4244:         ]
C:\Users\adwoj\OneDrive\Pulpit\projekt\View.cpp(53,67): warning C4244: "argument": konwersja z "int" do "T", możliwa utrata danych
C:\Users\adwoj\OneDrive\Pulpit\projekt\View.cpp(53,67): warning C4244:         with
C:\Users\adwoj\OneDrive\Pulpit\projekt\View.cpp(53,67): warning C4244:         [
C:\Users\adwoj\OneDrive\Pulpit\projekt\View.cpp(53,67): warning C4244:             T=float
C:\Users\adwoj\OneDrive\Pulpit\projekt\View.cpp(53,67): warning C4244:         ]
C:\Users\adwoj\OneDrive\Pulpit\projekt\View.cpp(54,42): warning C4305: "argument": obcięcie z "double" do "T"
C:\Users\adwoj\OneDrive\Pulpit\projekt\View.cpp(54,42): warning C4305:         with
C:\Users\adwoj\OneDrive\Pulpit\projekt\View.cpp(54,42): warning C4305:         [
C:\Users\adwoj\OneDrive\Pulpit\projekt\View.cpp(54,42): warning C4305:             T=float
C:\Users\adwoj\OneDrive\Pulpit\projekt\View.cpp(54,42): warning C4305:         ]
C:\Users\adwoj\OneDrive\Pulpit\projekt\View.cpp(54,38): warning C4305: "argument": obcięcie z "double" do "T"
C:\Users\adwoj\OneDrive\Pulpit\projekt\View.cpp(54,38): warning C4305:         with
C:\Users\adwoj\OneDrive\Pulpit\projekt\View.cpp(54,38): warning C4305:         [
C:\Users\adwoj\OneDrive\Pulpit\projekt\View.cpp(54,38): warning C4305:             T=float
C:\Users\adwoj\OneDrive\Pulpit\projekt\View.cpp(54,38): warning C4305:         ]
C:\Users\adwoj\OneDrive\Pulpit\projekt\View.cpp(55,39): warning C4305: "argument": obcięcie z "double" do "T"
C:\Users\adwoj\OneDrive\Pulpit\projekt\View.cpp(55,39): warning C4305:         with
C:\Users\adwoj\OneDrive\Pulpit\projekt\View.cpp(55,39): warning C4305:         [
C:\Users\adwoj\OneDrive\Pulpit\projekt\View.cpp(55,39): warning C4305:             T=float
C:\Users\adwoj\OneDrive\Pulpit\projekt\View.cpp(55,39): warning C4305:         ]
C:\Users\adwoj\OneDrive\Pulpit\projekt\View.cpp(55,34): warning C4305: "argument": obcięcie z "double" do "T"
C:\Users\adwoj\OneDrive\Pulpit\projekt\View.cpp(55,34): warning C4305:         with
C:\Users\adwoj\OneDrive\Pulpit\projekt\View.cpp(55,34): warning C4305:         [
C:\Users\adwoj\OneDrive\Pulpit\projekt\View.cpp(55,34): warning C4305:             T=float
C:\Users\adwoj\OneDrive\Pulpit\projekt\View.cpp(55,34): warning C4305:         ]
C:\Users\adwoj\OneDrive\Pulpit\projekt\View.cpp(56,94): warning C4244: "argument": konwersja z "int" do "T", możliwa utrata danych
C:\Users\adwoj\OneDrive\Pulpit\projekt\View.cpp(56,94): warning C4244:         with
C:\Users\adwoj\OneDrive\Pulpit\projekt\View.cpp(56,94): warning C4244:         [
C:\Users\adwoj\OneDrive\Pulpit\projekt\View.cpp(56,94): warning C4244:             T=float
C:\Users\adwoj\OneDrive\Pulpit\projekt\View.cpp(56,94): warning C4244:         ]
C:\Users\adwoj\OneDrive\Pulpit\projekt\View.cpp(56,64): warning C4244: "argument": konwersja z "int" do "T", możliwa utrata danych
C:\Users\adwoj\OneDrive\Pulpit\projekt\View.cpp(56,64): warning C4244:         with
C:\Users\adwoj\OneDrive\Pulpit\projekt\View.cpp(56,64): warning C4244:         [
C:\Users\adwoj\OneDrive\Pulpit\projekt\View.cpp(56,64): warning C4244:             T=float
C:\Users\adwoj\OneDrive\Pulpit\projekt\View.cpp(56,64): warning C4244:         ]
C:\Users\adwoj\OneDrive\Pulpit\projekt\View.cpp(57,77): warning C4244: "argument": konwersja z "int" do "float", możliwa utrata danych
C:\Users\adwoj\OneDrive\Pulpit\projekt\View.cpp(57,47): warning C4244: "argument": konwersja z "int" do "float", możliwa utrata danych
C:\Users\adwoj\OneDrive\Pulpit\projekt\View.cpp(59,94): warning C4244: "argument": konwersja z "int" do "T", możliwa utrata danych
C:\Users\adwoj\OneDrive\Pulpit\projekt\View.cpp(59,94): warning C4244:         with
C:\Users\adwoj\OneDrive\Pulpit\projekt\View.cpp(59,94): warning C4244:         [
C:\Users\adwoj\OneDrive\Pulpit\projekt\View.cpp(59,94): warning C4244:             T=float
C:\Users\adwoj\OneDrive\Pulpit\projekt\View.cpp(59,94): warning C4244:         ]
C:\Users\adwoj\OneDrive\Pulpit\projekt\View.cpp(59,64): warning C4244: "argument": konwersja z "int" do "T", możliwa utrata danych
C:\Users\adwoj\OneDrive\Pulpit\projekt\View.cpp(59,64): warning C4244:         with
C:\Users\adwoj\OneDrive\Pulpit\projekt\View.cpp(59,64): warning C4244:         [
C:\Users\adwoj\OneDrive\Pulpit\projekt\View.cpp(59,64): warning C4244:             T=float
C:\Users\adwoj\OneDrive\Pulpit\projekt\View.cpp(59,64): warning C4244:         ]
C:\Users\adwoj\OneDrive\Pulpit\projekt\View.cpp(66,70): warning C4244: "argument": konwersja z "int" do "T", możliwa utrata danych
C:\Users\adwoj\OneDrive\Pulpit\projekt\View.cpp(66,70): warning C4244:         with
C:\Users\adwoj\OneDrive\Pulpit\projekt\View.cpp(66,70): warning C4244:         [
C:\Users\adwoj\OneDrive\Pulpit\projekt\View.cpp(66,70): warning C4244:             T=float
C:\Users\adwoj\OneDrive\Pulpit\projekt\View.cpp(66,70): warning C4244:         ]
C:\Users\adwoj\OneDrive\Pulpit\projekt\View.cpp(70,73): warning C4244: "argument": konwersja z "int" do "T", możliwa utrata danych
C:\Users\adwoj\OneDrive\Pulpit\projekt\View.cpp(70,73): warning C4244:         with
C:\Users\adwoj\OneDrive\Pulpit\projekt\View.cpp(70,73): warning C4244:         [
C:\Users\adwoj\OneDrive\Pulpit\projekt\View.cpp(70,73): warning C4244:             T=float
C:\Users\adwoj\OneDrive\Pulpit\projekt\View.cpp(70,73): warning C4244:         ]
C:\Users\adwoj\OneDrive\Pulpit\projekt\View.cpp(74,73): warning C4244: "argument": konwersja z "int" do "T", możliwa utrata danych
C:\Users\adwoj\OneDrive\Pulpit\projekt\View.cpp(74,73): warning C4244:         with
C:\Users\adwoj\OneDrive\Pulpit\projekt\View.cpp(74,73): warning C4244:         [
C:\Users\adwoj\OneDrive\Pulpit\projekt\View.cpp(74,73): warning C4244:             T=float
C:\Users\adwoj\OneDrive\Pulpit\projekt\View.cpp(74,73): warning C4244:         ]
C:\Users\adwoj\OneDrive\Pulpit\projekt\View.cpp(78,73): warning C4244: "argument": konwersja z "int" do "T", możliwa utrata danych
C:\Users\adwoj\OneDrive\Pulpit\projekt\View.cpp(78,73): warning C4244:         with
C:\Users\adwoj\OneDrive\Pulpit\projekt\View.cpp(78,73): warning C4244:         [
C:\Users\adwoj\OneDrive\Pulpit\projekt\View.cpp(78,73): warning C4244:             T=float
C:\Users\adwoj\OneDrive\Pulpit\projekt\View.cpp(78,73): warning C4244:         ]
C:\Users\adwoj\OneDrive\Pulpit\projekt\View.cpp(82,75): warning C4244: "argument": konwersja z "int" do "T", możliwa utrata danych
C:\Users\adwoj\OneDrive\Pulpit\projekt\View.cpp(82,75): warning C4244:         with
C:\Users\adwoj\OneDrive\Pulpit\projekt\View.cpp(82,75): warning C4244:         [
C:\Users\adwoj\OneDrive\Pulpit\projekt\View.cpp(82,75): warning C4244:             T=float
C:\Users\adwoj\OneDrive\Pulpit\projekt\View.cpp(82,75): warning C4244:         ]
C:\Users\adwoj\OneDrive\Pulpit\projekt\View.cpp(86,69): warning C4244: "argument": konwersja z "int" do "T", możliwa utrata danych
C:\Users\adwoj\OneDrive\Pulpit\projekt\View.cpp(86,69): warning C4244:         with
C:\Users\adwoj\OneDrive\Pulpit\projekt\View.cpp(86,69): warning C4244:         [
C:\Users\adwoj\OneDrive\Pulpit\projekt\View.cpp(86,69): warning C4244:             T=float
C:\Users\adwoj\OneDrive\Pulpit\projekt\View.cpp(86,69): warning C4244:         ]
C:\Users\adwoj\OneDrive\Pulpit\projekt\View.cpp(89,52): warning C4244: "argument": konwersja z "int" do "float", możliwa utrata danych
C:\Users\adwoj\OneDrive\Pulpit\projekt\View.cpp(91,60): warning C4244: "argument": konwersja z "int" do "float", możliwa utrata danych
C:\Users\adwoj\OneDrive\Pulpit\projekt\View.cpp(95,69): warning C4244: "argument": konwersja z "int" do "T", możliwa utrata danych
C:\Users\adwoj\OneDrive\Pulpit\projekt\View.cpp(95,69): warning C4244:         with
C:\Users\adwoj\OneDrive\Pulpit\projekt\View.cpp(95,69): warning C4244:         [
C:\Users\adwoj\OneDrive\Pulpit\projekt\View.cpp(95,69): warning C4244:             T=float
C:\Users\adwoj\OneDrive\Pulpit\projekt\View.cpp(95,69): warning C4244:         ]
C:\Users\adwoj\OneDrive\Pulpit\projekt\View.cpp(97,60): warning C4244: "argument": konwersja z "int" do "float", możliwa utrata danych
C:\Users\adwoj\OneDrive\Pulpit\projekt\View.cpp(100,69): warning C4244: "argument": konwersja z "int" do "T", możliwa utrata danych
C:\Users\adwoj\OneDrive\Pulpit\projekt\View.cpp(100,69): warning C4244:         with
C:\Users\adwoj\OneDrive\Pulpit\projekt\View.cpp(100,69): warning C4244:         [
C:\Users\adwoj\OneDrive\Pulpit\projekt\View.cpp(100,69): warning C4244:             T=float
C:\Users\adwoj\OneDrive\Pulpit\projekt\View.cpp(100,69): warning C4244:         ]
C:\Users\adwoj\OneDrive\Pulpit\projekt\View.cpp(103,57): warning C4244: "argument": konwersja z "int" do "float", możliwa utrata danych
C:\Users\adwoj\OneDrive\Pulpit\projekt\View.cpp(105,83): warning C4244: "argument": konwersja z "int" do "float", możliwa utrata danych
C:\Users\adwoj\OneDrive\Pulpit\projekt\View.cpp(105,54): warning C4244: "argument": konwersja z "int" do "float", możliwa utrata danych
C:\Users\adwoj\OneDrive\Pulpit\projekt\View.cpp(64,14): error C4996: 'sf::Text::setColor': został uznany za przestarzały
C:\Users\adwoj\OneDrive\Pulpit\projekt\View.cpp(68,14): error C4996: 'sf::Text::setColor': został uznany za przestarzały
C:\Users\adwoj\OneDrive\Pulpit\projekt\View.cpp(72,14): error C4996: 'sf::Text::setColor': został uznany za przestarzały
C:\Users\adwoj\OneDrive\Pulpit\projekt\View.cpp(76,14): error C4996: 'sf::Text::setColor': został uznany za przestarzały
C:\Users\adwoj\OneDrive\Pulpit\projekt\View.cpp(80,16): error C4996: 'sf::Text::setColor': został uznany za przestarzały
C:\Users\adwoj\OneDrive\Pulpit\projekt\View.cpp(84,10): error C4996: 'sf::Text::setColor': został uznany za przestarzały
C:\Users\adwoj\OneDrive\Pulpit\projekt\View.cpp(90,11): error C4996: 'sf::Text::setColor': został uznany za przestarzały
C:\Users\adwoj\OneDrive\Pulpit\projekt\View.cpp(93,17): error C4996: 'sf::Text::setColor': został uznany za przestarzały
C:\Users\adwoj\OneDrive\Pulpit\projekt\View.cpp(99,17): error C4996: 'sf::Text::setColor': został uznany za przestarzały
C:\Users\adwoj\OneDrive\Pulpit\projekt\View.cpp(104,16): error C4996: 'sf::Text::setColor': został uznany za przestarzały
C:\Users\adwoj\OneDrive\Pulpit\projekt\View.cpp(121,58): warning C4244: "argument": konwersja z "int" do "float", możliwa utrata danych
C:\Users\adwoj\OneDrive\Pulpit\projekt\View.cpp(121,42): warning C4244: "argument": konwersja z "int" do "float", możliwa utrata danych
C:\Users\adwoj\OneDrive\Pulpit\projekt\View.cpp(127,85): warning C4244: "argument": konwersja z "int" do "float", możliwa utrata danych
C:\Users\adwoj\OneDrive\Pulpit\projekt\View.cpp(127,53): warning C4244: "argument": konwersja z "int" do "float", możliwa utrata danych
C:\Users\adwoj\OneDrive\Pulpit\projekt\View.cpp(133,98): warning C4244: "argument": konwersja z "int" do "float", możliwa utrata danych
C:\Users\adwoj\OneDrive\Pulpit\projekt\View.cpp(133,65): warning C4244: "argument": konwersja z "int" do "float", możliwa utrata danych
C:\Users\adwoj\OneDrive\Pulpit\projekt\View.cpp(137,98): warning C4244: "argument": konwersja z "int" do "float", możliwa utrata danych
C:\Users\adwoj\OneDrive\Pulpit\projekt\View.cpp(137,65): warning C4244: "argument": konwersja z "int" do "float", możliwa utrata danych
C:\Users\adwoj\OneDrive\Pulpit\projekt\View.cpp(143,98): warning C4244: "argument": konwersja z "int" do "float", możliwa utrata danych
C:\Users\adwoj\OneDrive\Pulpit\projekt\View.cpp(143,65): warning C4244: "argument": konwersja z "int" do "float", możliwa utrata danych
C:\Users\adwoj\OneDrive\Pulpit\projekt\View.cpp(147,98): warning C4244: "argument": konwersja z "int" do "float", możliwa utrata danych
C:\Users\adwoj\OneDrive\Pulpit\projekt\View.cpp(147,65): warning C4244: "argument": konwersja z "int" do "float", możliwa utrata danych
C:\Users\adwoj\OneDrive\Pulpit\projekt\View.cpp(153,98): warning C4244: "argument": konwersja z "int" do "float", możliwa utrata danych
C:\Users\adwoj\OneDrive\Pulpit\projekt\View.cpp(153,65): warning C4244: "argument": konwersja z "int" do "float", możliwa utrata danych
C:\Users\adwoj\OneDrive\Pulpit\projekt\View.cpp(157,98): warning C4244: "argument": konwersja z "int" do "float", możliwa utrata danych
C:\Users\adwoj\OneDrive\Pulpit\projekt\View.cpp(157,65): warning C4244: "argument": konwersja z "int" do "float", możliwa utrata danych
C:\Users\adwoj\OneDrive\Pulpit\projekt\View.cpp(163,98): warning C4244: "argument": konwersja z "int" do "float", możliwa utrata danych
C:\Users\adwoj\OneDrive\Pulpit\projekt\View.cpp(163,65): warning C4244: "argument": konwersja z "int" do "float", możliwa utrata danych
C:\Users\adwoj\OneDrive\Pulpit\projekt\View.cpp(167,98): warning C4244: "argument": konwersja z "int" do "float", możliwa utrata danych
C:\Users\adwoj\OneDrive\Pulpit\projekt\View.cpp(167,65): warning C4244: "argument": konwersja z "int" do "float", możliwa utrata danych
C:\Users\adwoj\OneDrive\Pulpit\projekt\View.cpp(173,88): warning C4244: "argument": konwersja z "int" do "float", możliwa utrata danych
C:\Users\adwoj\OneDrive\Pulpit\projekt\View.cpp(173,55): warning C4244: "argument": konwersja z "int" do "float", możliwa utrata danych
C:\Users\adwoj\OneDrive\Pulpit\projekt\View.cpp(177,82): warning C4244: "argument": konwersja z "int" do "float", możliwa utrata danych
C:\Users\adwoj\OneDrive\Pulpit\projekt\View.cpp(177,50): warning C4244: "argument": konwersja z "int" do "float", możliwa utrata danych
C:\Users\adwoj\OneDrive\Pulpit\projekt\View.cpp(208,44): warning C4244: "argument": konwersja z "int" do "float", możliwa utrata danych
